<?xml version="1.0" encoding="UTF-8"?>
<!-- Generated by org.testng.reporters.JUnitXMLReporter -->
<testsuite ignored="2" hostname="DESKTOP-0URNJ4J" failures="0" tests="2" name="Test" time="0.1" errors="0" timestamp="2024-06-11T10:21:14 IST">
  <testcase classname="Testng_practice.GroupExe" name="verifyURL" time="0.017"/>
  <testcase classname="Testng_practice.GroupExe" name="verifyLnk" time="0.003"/>
  <testcase classname="Testng_practice.GroupExe" name="verifylogin" time="0.0">
    <ignored/>
  </testcase> <!-- verifylogin -->
  <testcase classname="Testng_practice.GroupExe" name="verifylogout" time="0.0">
    <ignored/>
  </testcase> <!-- verifylogout -->
</testsuite> <!-- Test -->
